{"F:\\A_IIHT\\Multifile-Web Apps\\API Projects\\NotesApp(EasyPostgresql)-Angular\\NotesProjectFrontend\\src\\app\\app.component.html": {"path":"F:\\A_IIHT\\Multifile-Web Apps\\API Projects\\NotesApp(EasyPostgresql)-Angular\\NotesProjectFrontend\\src\\app\\app.component.html","statementMap":{"0":{"start":{"line":1,"column":0},"end":{"line":1,"column":75}}},"fnMap":{},"branchMap":{},"s":{"0":1},"f":{},"b":{},"_coverageSchema":"1a1c01bbd47fc00a2c39e90264f33305004495a9","hash":"91abd68228e47af3bff0f7e2e24403285542c388"}
,"F:\\A_IIHT\\Multifile-Web Apps\\API Projects\\NotesApp(EasyPostgresql)-Angular\\NotesProjectFrontend\\src\\app\\app.component.ts": {"path":"F:\\A_IIHT\\Multifile-Web Apps\\API Projects\\NotesApp(EasyPostgresql)-Angular\\NotesProjectFrontend\\src\\app\\app.component.ts","statementMap":{"0":{"start":{"line":1,"column":0},"end":{"line":1,"column":42}},"1":{"start":{"line":8,"column":25},"end":{"line":10,"column":null}},"2":{"start":{"line":9,"column":2},"end":{"line":9,"column":33}},"3":{"start":{"line":8,"column":13},"end":{"line":10,"column":null}},"4":{"start":{"line":8,"column":13},"end":{"line":8,"column":25}}},"fnMap":{},"branchMap":{},"s":{"0":1,"1":1,"2":1,"3":1,"4":1},"f":{},"b":{}}
,"F:\\A_IIHT\\Multifile-Web Apps\\API Projects\\NotesApp(EasyPostgresql)-Angular\\NotesProjectFrontend\\src\\app\\notes.service.ts": {"path":"F:\\A_IIHT\\Multifile-Web Apps\\API Projects\\NotesApp(EasyPostgresql)-Angular\\NotesProjectFrontend\\src\\app\\notes.service.ts","statementMap":{"0":{"start":{"line":2,"column":0},"end":{"line":2,"column":43}},"1":{"start":{"line":3,"column":0},"end":{"line":3,"column":47}},"2":{"start":{"line":8,"column":25},"end":{"line":29,"column":null}},"3":{"start":{"line":12,"column":22},"end":{"line":12,"column":37}},"4":{"start":{"line":9,"column":1},"end":{"line":9,"column":45}},"5":{"start":{"line":10,"column":1},"end":{"line":10,"column":49}},"6":{"start":{"line":14,"column":4},"end":{"line":14,"column":44}},"7":{"start":{"line":18,"column":4},"end":{"line":18,"column":50}},"8":{"start":{"line":22,"column":4},"end":{"line":22,"column":64}},"9":{"start":{"line":26,"column":4},"end":{"line":26,"column":60}},"10":{"start":{"line":8,"column":13},"end":{"line":29,"column":null}},"11":{"start":{"line":8,"column":13},"end":{"line":8,"column":25}}},"fnMap":{"0":{"name":"(anonymous_0)","decl":{"start":{"line":12,"column":2},"end":{"line":12,"column":22}},"loc":{"start":{"line":12,"column":37},"end":{"line":12,"column":42}}},"1":{"name":"(anonymous_1)","decl":{"start":{"line":13,"column":2},"end":{"line":13,"column":10}},"loc":{"start":{"line":13,"column":10},"end":{"line":15,"column":3}}},"2":{"name":"(anonymous_2)","decl":{"start":{"line":17,"column":2},"end":{"line":17,"column":11}},"loc":{"start":{"line":17,"column":20},"end":{"line":19,"column":3}}},"3":{"name":"(anonymous_3)","decl":{"start":{"line":21,"column":2},"end":{"line":21,"column":12}},"loc":{"start":{"line":21,"column":36},"end":{"line":23,"column":3}}},"4":{"name":"(anonymous_4)","decl":{"start":{"line":25,"column":2},"end":{"line":25,"column":13}},"loc":{"start":{"line":25,"column":28},"end":{"line":27,"column":3}}}},"branchMap":{},"s":{"0":2,"1":2,"2":2,"3":46,"4":46,"5":46,"6":42,"7":1,"8":1,"9":1,"10":2,"11":2},"f":{"0":46,"1":42,"2":1,"3":1,"4":1},"b":{}}
,"F:\\A_IIHT\\Multifile-Web Apps\\API Projects\\NotesApp(EasyPostgresql)-Angular\\NotesProjectFrontend\\src\\app\\notes.ts": {"path":"F:\\A_IIHT\\Multifile-Web Apps\\API Projects\\NotesApp(EasyPostgresql)-Angular\\NotesProjectFrontend\\src\\app\\notes.ts","statementMap":{"0":{"start":{"line":1,"column":0},"end":{"line":1,"column":13}}},"fnMap":{},"branchMap":{},"s":{"0":1},"f":{},"b":{}}
,"F:\\A_IIHT\\Multifile-Web Apps\\API Projects\\NotesApp(EasyPostgresql)-Angular\\NotesProjectFrontend\\src\\app\\notes\\notes.component.html": {"path":"F:\\A_IIHT\\Multifile-Web Apps\\API Projects\\NotesApp(EasyPostgresql)-Angular\\NotesProjectFrontend\\src\\app\\notes\\notes.component.html","statementMap":{"0":{"start":{"line":1,"column":0},"end":{"line":1,"column":4690}}},"fnMap":{},"branchMap":{},"s":{"0":1},"f":{},"b":{},"_coverageSchema":"1a1c01bbd47fc00a2c39e90264f33305004495a9","hash":"25b6c7517c36476c937f839b5836c8864ee495c4"}
,"F:\\A_IIHT\\Multifile-Web Apps\\API Projects\\NotesApp(EasyPostgresql)-Angular\\NotesProjectFrontend\\src\\app\\notes\\notes.component.ts": {"path":"F:\\A_IIHT\\Multifile-Web Apps\\API Projects\\NotesApp(EasyPostgresql)-Angular\\NotesProjectFrontend\\src\\app\\notes\\notes.component.ts","statementMap":{"0":{"start":{"line":1,"column":0},"end":{"line":1,"column":50}},"1":{"start":{"line":2,"column":0},"end":{"line":2,"column":67}},"2":{"start":{"line":3,"column":0},"end":{"line":3,"column":48}},"3":{"start":{"line":4,"column":0},"end":{"line":4,"column":43}},"4":{"start":{"line":11,"column":27},"end":{"line":144,"column":null}},"5":{"start":{"line":19,"column":22},"end":{"line":19,"column":36}},"6":{"start":{"line":19,"column":45},"end":{"line":19,"column":61}},"7":{"start":{"line":14,"column":2},"end":{"line":14,"column":39}},"8":{"start":{"line":18,"column":2},"end":{"line":18,"column":20}},"9":{"start":{"line":22,"column":4},"end":{"line":27,"column":null}},"10":{"start":{"line":28,"column":4},"end":{"line":28,"column":27}},"11":{"start":{"line":32,"column":2},"end":{"line":32,"column":null}},"12":{"start":{"line":35,"column":2},"end":{"line":35,"column":null}},"13":{"start":{"line":38,"column":2},"end":{"line":38,"column":null}},"14":{"start":{"line":41,"column":2},"end":{"line":41,"column":null}},"15":{"start":{"line":47,"column":2},"end":{"line":47,"column":26}},"16":{"start":{"line":48,"column":2},"end":{"line":48,"column":20}},"17":{"start":{"line":49,"column":2},"end":{"line":49,"column":24}},"18":{"start":{"line":54,"column":4},"end":{"line":54,"column":52}},"19":{"start":{"line":55,"column":4},"end":{"line":55,"column":54}},"20":{"start":{"line":56,"column":4},"end":{"line":56,"column":64}},"21":{"start":{"line":57,"column":4},"end":{"line":57,"column":54}},"22":{"start":{"line":58,"column":4},"end":{"line":69,"column":null}},"23":{"start":{"line":60,"column":6},"end":{"line":60,"column":40}},"24":{"start":{"line":61,"column":14},"end":{"line":61,"column":47}},"25":{"start":{"line":62,"column":6},"end":{"line":62,"column":19}},"26":{"start":{"line":63,"column":6},"end":{"line":63,"column":30}},"27":{"start":{"line":64,"column":6},"end":{"line":64,"column":29}},"28":{"start":{"line":68,"column":6},"end":{"line":68,"column":36}},"29":{"start":{"line":75,"column":4},"end":{"line":78,"column":null}},"30":{"start":{"line":77,"column":6},"end":{"line":77,"column":28}},"31":{"start":{"line":93,"column":4},"end":{"line":97,"column":null}},"32":{"start":{"line":95,"column":6},"end":{"line":95,"column":42}},"33":{"start":{"line":96,"column":6},"end":{"line":96,"column":29}},"34":{"start":{"line":102,"column":4},"end":{"line":102,"column":24}},"35":{"start":{"line":103,"column":4},"end":{"line":103,"column":25}},"36":{"start":{"line":104,"column":4},"end":{"line":104,"column":29}},"37":{"start":{"line":105,"column":4},"end":{"line":105,"column":59}},"38":{"start":{"line":106,"column":4},"end":{"line":106,"column":61}},"39":{"start":{"line":107,"column":4},"end":{"line":107,"column":71}},"40":{"start":{"line":108,"column":4},"end":{"line":108,"column":61}},"41":{"start":{"line":109,"column":4},"end":{"line":109,"column":61}},"42":{"start":{"line":114,"column":4},"end":{"line":114,"column":52}},"43":{"start":{"line":115,"column":4},"end":{"line":115,"column":54}},"44":{"start":{"line":116,"column":4},"end":{"line":116,"column":64}},"45":{"start":{"line":117,"column":4},"end":{"line":117,"column":54}},"46":{"start":{"line":118,"column":4},"end":{"line":130,"column":null}},"47":{"start":{"line":120,"column":6},"end":{"line":120,"column":42}},"48":{"start":{"line":121,"column":14},"end":{"line":121,"column":47}},"49":{"start":{"line":122,"column":6},"end":{"line":122,"column":19}},"50":{"start":{"line":123,"column":6},"end":{"line":123,"column":30}},"51":{"start":{"line":124,"column":6},"end":{"line":124,"column":29}},"52":{"start":{"line":128,"column":6},"end":{"line":128,"column":40}},"53":{"start":{"line":11,"column":13},"end":{"line":144,"column":null}},"54":{"start":{"line":11,"column":13},"end":{"line":11,"column":27}}},"fnMap":{"0":{"name":"(anonymous_0)","decl":{"start":{"line":19,"column":2},"end":{"line":19,"column":22}},"loc":{"start":{"line":19,"column":61},"end":{"line":19,"column":66}}},"1":{"name":"(anonymous_1)","decl":{"start":{"line":21,"column":2},"end":{"line":21,"column":10}},"loc":{"start":{"line":21,"column":10},"end":{"line":29,"column":3}}},"2":{"name":"(anonymous_2)","decl":{"start":{"line":31,"column":0},"end":{"line":31,"column":4}},"loc":{"start":{"line":31,"column":9},"end":{"line":33,"column":1}}},"3":{"name":"(anonymous_3)","decl":{"start":{"line":34,"column":0},"end":{"line":34,"column":4}},"loc":{"start":{"line":34,"column":10},"end":{"line":36,"column":1}}},"4":{"name":"(anonymous_4)","decl":{"start":{"line":37,"column":0},"end":{"line":37,"column":4}},"loc":{"start":{"line":37,"column":15},"end":{"line":39,"column":1}}},"5":{"name":"(anonymous_5)","decl":{"start":{"line":40,"column":0},"end":{"line":40,"column":4}},"loc":{"start":{"line":40,"column":10},"end":{"line":42,"column":1}}},"6":{"name":"(anonymous_6)","decl":{"start":{"line":46,"column":0},"end":{"line":46,"column":12}},"loc":{"start":{"line":46,"column":12},"end":{"line":50,"column":1}}},"7":{"name":"(anonymous_7)","decl":{"start":{"line":53,"column":2},"end":{"line":53,"column":14}},"loc":{"start":{"line":53,"column":14},"end":{"line":70,"column":3}}},"8":{"name":"(anonymous_8)","decl":{"start":{"line":59,"column":15},"end":{"line":59,"column":18}},"loc":{"start":{"line":59,"column":20},"end":{"line":66,"column":5}}},"9":{"name":"(anonymous_9)","decl":{"start":{"line":67,"column":4},"end":{"line":67,"column":7}},"loc":{"start":{"line":67,"column":9},"end":{"line":69,"column":5}}},"10":{"name":"(anonymous_10)","decl":{"start":{"line":74,"column":2},"end":{"line":74,"column":17}},"loc":{"start":{"line":74,"column":17},"end":{"line":79,"column":3}}},"11":{"name":"(anonymous_11)","decl":{"start":{"line":76,"column":15},"end":{"line":76,"column":18}},"loc":{"start":{"line":76,"column":20},"end":{"line":78,"column":5}}},"12":{"name":"(anonymous_12)","decl":{"start":{"line":92,"column":2},"end":{"line":92,"column":12}},"loc":{"start":{"line":92,"column":20},"end":{"line":98,"column":3}}},"13":{"name":"(anonymous_13)","decl":{"start":{"line":94,"column":15},"end":{"line":94,"column":18}},"loc":{"start":{"line":94,"column":20},"end":{"line":97,"column":5}}},"14":{"name":"(anonymous_14)","decl":{"start":{"line":101,"column":2},"end":{"line":101,"column":10}},"loc":{"start":{"line":101,"column":19},"end":{"line":110,"column":4}}},"15":{"name":"(anonymous_15)","decl":{"start":{"line":113,"column":2},"end":{"line":113,"column":16}},"loc":{"start":{"line":113,"column":16},"end":{"line":131,"column":1}}},"16":{"name":"(anonymous_16)","decl":{"start":{"line":119,"column":15},"end":{"line":119,"column":18}},"loc":{"start":{"line":119,"column":20},"end":{"line":126,"column":5}}},"17":{"name":"(anonymous_17)","decl":{"start":{"line":127,"column":4},"end":{"line":127,"column":7}},"loc":{"start":{"line":127,"column":9},"end":{"line":129,"column":5}}}},"branchMap":{},"s":{"0":1,"1":1,"2":1,"3":1,"4":1,"5":42,"6":42,"7":42,"8":42,"9":41,"10":41,"11":292,"12":292,"13":292,"14":292,"15":0,"16":0,"17":0,"18":0,"19":0,"20":0,"21":0,"22":0,"23":0,"24":0,"25":0,"26":0,"27":0,"28":0,"29":41,"30":0,"31":0,"32":0,"33":0,"34":0,"35":0,"36":0,"37":0,"38":0,"39":0,"40":0,"41":0,"42":0,"43":0,"44":0,"45":0,"46":0,"47":0,"48":0,"49":0,"50":0,"51":0,"52":0,"53":1,"54":1},"f":{"0":42,"1":41,"2":292,"3":292,"4":292,"5":292,"6":0,"7":0,"8":0,"9":0,"10":41,"11":0,"12":0,"13":0,"14":0,"15":0,"16":0,"17":0},"b":{}}
,"F:\\A_IIHT\\Multifile-Web Apps\\API Projects\\NotesApp(EasyPostgresql)-Angular\\NotesProjectFrontend\\src\\app\\notes\\notes.model.ts": {"path":"F:\\A_IIHT\\Multifile-Web Apps\\API Projects\\NotesApp(EasyPostgresql)-Angular\\NotesProjectFrontend\\src\\app\\notes\\notes.model.ts","statementMap":{"0":{"start":{"line":2,"column":4},"end":{"line":2,"column":16}},"1":{"start":{"line":3,"column":4},"end":{"line":3,"column":20}},"2":{"start":{"line":4,"column":4},"end":{"line":4,"column":21}},"3":{"start":{"line":5,"column":4},"end":{"line":5,"column":26}},"4":{"start":{"line":6,"column":4},"end":{"line":6,"column":21}},"5":{"start":{"line":1,"column":0},"end":{"line":1,"column":13}}},"fnMap":{"0":{"name":"(anonymous_0)","decl":{"start":{"line":1,"column":0},"end":{"line":1,"column":13}},"loc":{"start":{"line":1,"column":0},"end":{"line":7,"column":1}}}},"branchMap":{},"s":{"0":42,"1":42,"2":42,"3":42,"4":42,"5":1},"f":{"0":42},"b":{}}
}
