TN:
SF:src\app\app.component.html
FNF:0
FNH:0
DA:1,1
LF:1
LH:1
BRF:0
BRH:0
end_of_record
TN:
SF:src\app\app.component.ts
FNF:0
FNH:0
DA:1,1
DA:8,1
DA:9,1
LF:3
LH:3
BRF:0
BRH:0
end_of_record
TN:
SF:src\app\notes.service.ts
FN:12,(anonymous_0)
FN:13,(anonymous_1)
FN:17,(anonymous_2)
FN:21,(anonymous_3)
FN:25,(anonymous_4)
FNF:5
FNH:5
FNDA:46,(anonymous_0)
FNDA:42,(anonymous_1)
FNDA:1,(anonymous_2)
FNDA:1,(anonymous_3)
FNDA:1,(anonymous_4)
DA:2,2
DA:3,2
DA:8,2
DA:9,46
DA:10,46
DA:12,46
DA:14,42
DA:18,1
DA:22,1
DA:26,1
LF:10
LH:10
BRF:0
BRH:0
end_of_record
TN:
SF:src\app\notes.ts
FNF:0
FNH:0
DA:1,1
LF:1
LH:1
BRF:0
BRH:0
end_of_record
TN:
SF:src\app\notes\notes.component.html
FNF:0
FNH:0
DA:1,1
LF:1
LH:1
BRF:0
BRH:0
end_of_record
TN:
SF:src\app\notes\notes.component.ts
FN:19,(anonymous_0)
FN:21,(anonymous_1)
FN:31,(anonymous_2)
FN:34,(anonymous_3)
FN:37,(anonymous_4)
FN:40,(anonymous_5)
FN:46,(anonymous_6)
FN:53,(anonymous_7)
FN:59,(anonymous_8)
FN:67,(anonymous_9)
FN:74,(anonymous_10)
FN:76,(anonymous_11)
FN:92,(anonymous_12)
FN:94,(anonymous_13)
FN:101,(anonymous_14)
FN:113,(anonymous_15)
FN:119,(anonymous_16)
FN:127,(anonymous_17)
FNF:18
FNH:7
FNDA:42,(anonymous_0)
FNDA:41,(anonymous_1)
FNDA:292,(anonymous_2)
FNDA:292,(anonymous_3)
FNDA:292,(anonymous_4)
FNDA:292,(anonymous_5)
FNDA:0,(anonymous_6)
FNDA:0,(anonymous_7)
FNDA:0,(anonymous_8)
FNDA:0,(anonymous_9)
FNDA:41,(anonymous_10)
FNDA:0,(anonymous_11)
FNDA:0,(anonymous_12)
FNDA:0,(anonymous_13)
FNDA:0,(anonymous_14)
FNDA:0,(anonymous_15)
FNDA:0,(anonymous_16)
FNDA:0,(anonymous_17)
DA:1,1
DA:2,1
DA:3,1
DA:4,1
DA:11,1
DA:14,42
DA:18,42
DA:19,42
DA:22,41
DA:28,41
DA:32,292
DA:35,292
DA:38,292
DA:41,292
DA:47,0
DA:48,0
DA:49,0
DA:54,0
DA:55,0
DA:56,0
DA:57,0
DA:58,0
DA:60,0
DA:61,0
DA:62,0
DA:63,0
DA:64,0
DA:68,0
DA:75,41
DA:77,0
DA:93,0
DA:95,0
DA:96,0
DA:102,0
DA:103,0
DA:104,0
DA:105,0
DA:106,0
DA:107,0
DA:108,0
DA:109,0
DA:114,0
DA:115,0
DA:116,0
DA:117,0
DA:118,0
DA:120,0
DA:121,0
DA:122,0
DA:123,0
DA:124,0
DA:128,0
LF:52
LH:15
BRF:0
BRH:0
end_of_record
TN:
SF:src\app\notes\notes.model.ts
FN:1,(anonymous_0)
FNF:1
FNH:1
FNDA:42,(anonymous_0)
DA:1,1
DA:2,42
DA:3,42
DA:4,42
DA:5,42
DA:6,42
LF:6
LH:6
BRF:0
BRH:0
end_of_record
